<?xml version="1.0" encoding="UTF-8"?>
<!-- Generated by org.testng.reporters.JUnitReportReporter -->
<testsuite hostname="LAPTOP-AN5A6NNC" failures="0" tests="3" name="trail.testTrailForCortex" time="59.148" errors="0" timestamp="15 Jul 2020 13:28:58 GMT">
  <testcase classname="trail.testTrailForCortex" name="FlowOneValidScenario" time="26.042"/>
  <testcase classname="trail.testTrailForCortex" name="FlowOnenNegativeScenario" time="20.752"/>
  <testcase classname="trail.testTrailForCortex" name="FlowTwo" time="12.354"/>
</testsuite>
